2015-02-07 21:12:58+0800 [scrapy] INFO: Scrapy 0.24.4 started (bot: image)
2015-02-07 21:12:58+0800 [scrapy] INFO: Optional features available: ssl, http11, django
2015-02-07 21:12:58+0800 [scrapy] INFO: Overridden settings: {'NEWSPIDER_MODULE': 'image.spiders', 'LOG_LEVEL': 'ERROR', 'SPIDER_MODULES': ['image.spiders'], 'BOT_NAME': 'image', 'COOKIES_ENABLED': False, 'USER_AGENT': 'Mozilla/5.0 (Macintosh; Intel Mac OS X 10_9_0) AppleWebKit/537.36 (KHTML, like Gecko) Chrome/31.0.1650.57 Safari/537.36', 'LOG_FILE': 'logs/error/2015-02-07.21.log', 'DOWNLOAD_DELAY': 0.3}
2015-02-07 21:12:58+0800 [scrapy] INFO: Enabled extensions: LogStats, TelnetConsole, CloseSpider, WebService, CoreStats, SpiderState
2015-02-07 21:12:58+0800 [scrapy] INFO: Enabled downloader middlewares: HttpAuthMiddleware, DownloadTimeoutMiddleware, UserAgentMiddleware, RetryMiddleware, HttpCompressionMiddleware, DefaultHeadersMiddleware, MetaRefreshMiddleware, RedirectMiddleware, ChunkedTransferMiddleware, DownloaderStats
2015-02-07 21:12:58+0800 [scrapy] INFO: Enabled spider middlewares: HttpErrorMiddleware, OffsiteMiddleware, RefererMiddleware, UrlLengthMiddleware, DepthMiddleware
2015-02-07 21:12:58+0800 [scrapy] INFO: Enabled item pipelines: ImagePipeline
2015-02-07 21:12:58+0800 [ctrip_image] INFO: Spider opened
2015-02-07 21:12:58+0800 [ctrip_image] INFO: Crawled 0 pages (at 0 pages/min), scraped 0 items (at 0 items/min)
2015-02-07 21:12:59+0800 [scrapy] INFO: 1101804,玉树祥瑞宾馆,玉树,4张图片
2015-02-07 21:13:00+0800 [scrapy] INFO: 1220478,杂多县澜沧江商务宾馆,玉树,0张图片
2015-02-07 21:13:01+0800 [scrapy] INFO: 1095616,玉树启明星宾馆,玉树,2张图片
2015-02-07 21:13:01+0800 [scrapy] INFO: 1101746,玉树青藏商务宾馆,玉树,8张图片
2015-02-07 21:13:02+0800 [scrapy] INFO: 1101736,玉树卡囊寺宾馆,玉树,2张图片
2015-02-07 21:13:02+0800 [scrapy] INFO: 965770,玉树格萨尔王府饭店,玉树,38张图片
2015-02-07 21:13:02+0800 [scrapy] INFO: 1056382,玉树玉府商务宾馆,玉树,8张图片
2015-02-07 21:13:02+0800 [scrapy] INFO: 1095677,玉树康巴驿站,玉树,2张图片
2015-02-07 21:13:03+0800 [scrapy] INFO: 1109674,玉树长江宾馆,玉树,4张图片
2015-02-07 21:13:03+0800 [scrapy] INFO: 1101758,玉树玛旁雍措宾馆,玉树,2张图片
2015-02-07 21:13:03+0800 [scrapy] INFO: 1110299,玉树雅西亚结代吉楞招待所,玉树,5张图片
2015-02-07 21:13:04+0800 [scrapy] INFO: 1101773,玉树海东商务宾馆,玉树,4张图片
2015-02-07 21:13:04+0800 [scrapy] INFO: 1102129,玉树太阳部落宾馆,玉树,4张图片
2015-02-07 21:13:05+0800 [scrapy] INFO: 1095628,玉树甘孜宾馆（曲格西巷店）,玉树,3张图片
2015-02-07 21:13:05+0800 [scrapy] INFO: 1095039,玉树华延宾馆,玉树,3张图片
2015-02-07 21:13:05+0800 [scrapy] INFO: 1095668,玉树结古松朵,玉树,3张图片
2015-02-07 21:13:05+0800 [scrapy] INFO: 1106755,玉树路人客栈,玉树,3张图片
2015-02-07 21:13:06+0800 [scrapy] INFO: 1101820,玉树康巴旅社,玉树,2张图片
2015-02-07 21:13:58+0800 [ctrip_image] INFO: Crawled 100 pages (at 100 pages/min), scraped 11 items (at 11 items/min)
2015-02-07 21:14:00+0800 [scrapy] INFO: 1095217,玉树旦周宾馆,玉树,7张图片
2015-02-07 21:14:01+0800 [scrapy] INFO: 1093259,玉树金泰商务宾馆,玉树,4张图片
2015-02-07 21:14:02+0800 [scrapy] INFO: 1101827,玉树雪山宾馆,玉树,4张图片
2015-02-07 21:14:10+0800 [scrapy] INFO: 1101714,玉树索南严培宾馆,玉树,3张图片
2015-02-07 21:14:10+0800 [scrapy] INFO: 1101958,玉树兄弟宾馆,玉树,2张图片
2015-02-07 21:14:11+0800 [scrapy] INFO: 1106267,玉树穆斯林招待所,玉树,2张图片
2015-02-07 21:14:15+0800 [scrapy] INFO: 1101956,玉树阳光宾馆,玉树,2张图片
2015-02-07 21:14:15+0800 [scrapy] INFO: 1070554,玉树美如家假日宾馆,玉树,9张图片
2015-02-07 21:14:16+0800 [scrapy] INFO: 1113277,玉树供销宾馆,玉树,6张图片
2015-02-07 21:14:16+0800 [scrapy] INFO: 1114940,玉树亚周招待所,玉树,2张图片
2015-02-07 21:14:24+0800 [scrapy] INFO: 1094348,玉树甘孜宾馆,玉树,3张图片
2015-02-07 21:14:24+0800 [scrapy] INFO: 1101783,玉树西宁宾馆,玉树,3张图片
2015-02-07 21:14:29+0800 [scrapy] INFO: 1108097,玉树康囊寺福家宾馆,玉树,7张图片
2015-02-07 21:14:30+0800 [scrapy] INFO: 1094369,玉树西藏佳杰寺大酒店,玉树,3张图片
2015-02-07 21:14:30+0800 [scrapy] INFO: 1101727,玉树玉龙宾馆,玉树,4张图片
2015-02-07 21:14:40+0800 [scrapy] INFO: 1094356,玉树康德宾馆,玉树,3张图片
2015-02-07 21:14:41+0800 [scrapy] INFO: 1101764,玉树鲁西宾馆,玉树,8张图片
2015-02-07 21:14:41+0800 [scrapy] INFO: 1095268,玉树凯旋大酒店,玉树,5张图片
2015-02-07 21:14:57+0800 [scrapy] INFO: 1101918,玉树玉泰商务宾馆,玉树,3张图片
2015-02-07 21:14:57+0800 [scrapy] INFO: 1101966,玉树结古多大酒店,玉树,2张图片
2015-02-07 21:14:57+0800 [scrapy] INFO: 1110371,玉树美玉宾馆,玉树,3张图片
2015-02-07 21:14:58+0800 [scrapy] INFO: 1101881,玉树盘龙宾馆,玉树,2张图片
2015-02-07 21:14:59+0800 [ctrip_image] INFO: Crawled 206 pages (at 106 pages/min), scraped 33 items (at 22 items/min)
2015-02-07 21:15:00+0800 [scrapy] INFO: 1102022,玉树金龙宾馆,玉树,2张图片
2015-02-07 21:15:00+0800 [scrapy] INFO: 1106364,玉树益典商务宾馆,玉树,2张图片
2015-02-07 21:15:08+0800 [scrapy] INFO: 1110393,玉树玉州商务宾馆,玉树,5张图片
2015-02-07 21:15:08+0800 [scrapy] INFO: 1101978,玉树琼龙商务宾馆,玉树,2张图片
2015-02-07 21:15:09+0800 [scrapy] INFO: 1106356,玉树青藏大酒店,玉树,4张图片
2015-02-07 21:15:18+0800 [scrapy] INFO: 1101829,玉树结古寺商务宾馆,玉树,3张图片
2015-02-07 21:15:20+0800 [scrapy] INFO: 1101747,玉树天神宾馆,玉树,4张图片
2015-02-07 21:15:27+0800 [scrapy] INFO: 1095238,玉树康巴映象酒店,玉树,12张图片
2015-02-07 21:15:27+0800 [scrapy] INFO: 1108017,玉树拉布寺宾馆,玉树,29张图片
2015-02-07 21:15:29+0800 [scrapy] INFO: 1095260,玉树利众宾馆,玉树,8张图片
2015-02-07 21:15:58+0800 [ctrip_image] INFO: Crawled 273 pages (at 67 pages/min), scraped 46 items (at 13 items/min)
2015-02-07 21:16:58+0800 [ctrip_image] INFO: Crawled 305 pages (at 32 pages/min), scraped 49 items (at 3 items/min)
2015-02-07 21:17:58+0800 [ctrip_image] INFO: Crawled 305 pages (at 0 pages/min), scraped 49 items (at 0 items/min)
2015-02-07 21:18:58+0800 [ctrip_image] INFO: Crawled 305 pages (at 0 pages/min), scraped 49 items (at 0 items/min)
2015-02-07 21:19:58+0800 [ctrip_image] INFO: Crawled 305 pages (at 0 pages/min), scraped 49 items (at 0 items/min)
2015-02-07 21:20:58+0800 [ctrip_image] INFO: Crawled 305 pages (at 0 pages/min), scraped 49 items (at 0 items/min)
2015-02-07 21:21:58+0800 [ctrip_image] INFO: Crawled 305 pages (at 0 pages/min), scraped 49 items (at 0 items/min)
2015-02-07 21:22:26+0800 [ctrip_image] WARNING: File (unknown-error): Error downloading image from <GET http://images4.c-ctrip.com/target/hotel/966000/965770/b412b46c67404d898552deeacc02013c.jpg> referred in <None>: User timeout caused connection failure: Getting http://images4.c-ctrip.com/target/hotel/966000/965770/b412b46c67404d898552deeacc02013c.jpg took longer than 180 seconds..
2015-02-07 21:22:28+0800 [ctrip_image] INFO: Closing spider (finished)
2015-02-07 21:22:28+0800 [ctrip_image] INFO: Dumping Scrapy stats:
	{'downloader/exception_count': 6,
	 'downloader/exception_type_count/twisted.internet.error.TimeoutError': 6,
	 'downloader/request_bytes': 137214,
	 'downloader/request_count': 311,
	 'downloader/request_method_count/GET': 311,
	 'downloader/response_bytes': 168282091,
	 'downloader/response_count': 305,
	 'downloader/response_status_count/200': 305,
	 'file_count': 254,
	 'file_status_count/downloaded': 254,
	 'finish_reason': 'finished',
	 'finish_time': datetime.datetime(2015, 2, 7, 13, 22, 28, 563619),
	 'item_scraped_count': 50,
	 'request_depth_max': 1,
	 'response_received_count': 305,
	 'scheduler/dequeued': 51,
	 'scheduler/dequeued/memory': 51,
	 'scheduler/enqueued': 51,
	 'scheduler/enqueued/memory': 51,
	 'start_time': datetime.datetime(2015, 2, 7, 13, 12, 58, 817652)}
2015-02-07 21:22:28+0800 [ctrip_image] INFO: Spider closed (finished)
