2015-02-09 11:23:16+0800 [scrapy] INFO: Scrapy 0.24.4 started (bot: review)
2015-02-09 11:23:16+0800 [scrapy] INFO: Optional features available: ssl, http11, django
2015-02-09 11:23:16+0800 [scrapy] INFO: Overridden settings: {'NEWSPIDER_MODULE': 'review.spiders', 'LOG_LEVEL': 'ERROR', 'SPIDER_MODULES': ['review.spiders'], 'BOT_NAME': 'review', 'COOKIES_ENABLED': False, 'USER_AGENT': 'Mozilla/5.0 (Macintosh; Intel Mac OS X 10_9_0) AppleWebKit/537.36 (KHTML, like Gecko) Chrome/31.0.1650.57 Safari/537.36', 'LOG_FILE': 'logs/error/2015-02-09.11.log', 'DOWNLOAD_DELAY': 0.3}
2015-02-09 11:23:17+0800 [scrapy] INFO: Enabled extensions: LogStats, TelnetConsole, CloseSpider, WebService, CoreStats, SpiderState
2015-02-09 11:23:17+0800 [scrapy] INFO: Enabled downloader middlewares: HttpAuthMiddleware, DownloadTimeoutMiddleware, UserAgentMiddleware, RetryMiddleware, HttpCompressionMiddleware, DefaultHeadersMiddleware, MetaRefreshMiddleware, RedirectMiddleware, ChunkedTransferMiddleware, DownloaderStats
2015-02-09 11:23:17+0800 [scrapy] INFO: Enabled spider middlewares: HttpErrorMiddleware, OffsiteMiddleware, RefererMiddleware, UrlLengthMiddleware, DepthMiddleware
2015-02-09 11:23:17+0800 [scrapy] INFO: Enabled item pipelines: ReviewPipeline
2015-02-09 11:23:17+0800 [ctrip_review] INFO: Spider opened
2015-02-09 11:23:17+0800 [ctrip_review] INFO: Crawled 0 pages (at 0 pages/min), scraped 0 items (at 0 items/min)
2015-02-09 11:24:17+0800 [ctrip_review] INFO: Crawled 98 pages (at 98 pages/min), scraped 39 items (at 39 items/min)
2015-02-09 11:25:17+0800 [ctrip_review] INFO: Crawled 98 pages (at 0 pages/min), scraped 39 items (at 0 items/min)
2015-02-09 11:26:17+0800 [ctrip_review] INFO: Crawled 98 pages (at 0 pages/min), scraped 39 items (at 0 items/min)
2015-02-09 11:26:40+0800 [ctrip_review] INFO: Closing spider (finished)
2015-02-09 11:26:40+0800 [ctrip_review] INFO: Dumping Scrapy stats:
	{'downloader/exception_count': 1,
	 'downloader/exception_type_count/twisted.internet.error.TimeoutError': 1,
	 'downloader/request_bytes': 54676,
	 'downloader/request_count': 117,
	 'downloader/request_method_count/GET': 117,
	 'downloader/response_bytes': 3559946,
	 'downloader/response_count': 116,
	 'downloader/response_status_count/200': 90,
	 'downloader/response_status_count/301': 4,
	 'downloader/response_status_count/307': 13,
	 'downloader/response_status_count/404': 9,
	 'dupefilter/filtered': 4,
	 'finish_reason': 'finished',
	 'finish_time': datetime.datetime(2015, 2, 9, 3, 26, 40, 835064),
	 'item_scraped_count': 40,
	 'request_depth_max': 2,
	 'response_received_count': 99,
	 'scheduler/dequeued': 117,
	 'scheduler/dequeued/memory': 117,
	 'scheduler/enqueued': 117,
	 'scheduler/enqueued/memory': 117,
	 'start_time': datetime.datetime(2015, 2, 9, 3, 23, 17, 282369)}
2015-02-09 11:26:40+0800 [ctrip_review] INFO: Spider closed (finished)
