2015-04-09 09:27:51+0800 [scrapy] INFO: Scrapy 0.24.4 started (bot: hotel)
2015-04-09 09:27:51+0800 [scrapy] INFO: Optional features available: ssl, http11, django
2015-04-09 09:27:51+0800 [scrapy] INFO: Overridden settings: {'NEWSPIDER_MODULE': 'hotel.spiders', 'LOG_LEVEL': 'ERROR', 'SPIDER_MODULES': ['hotel.spiders'], 'BOT_NAME': 'hotel', 'COOKIES_ENABLED': False, 'USER_AGENT': 'Mozilla/5.0 (Macintosh; Intel Mac OS X 10_9_0) AppleWebKit/537.36 (KHTML, like Gecko) Chrome/31.0.1650.57 Safari/537.36', 'LOG_FILE': 'logs/error/2015-04-09.09.log', 'DOWNLOAD_DELAY': 2}
2015-04-09 09:27:52+0800 [scrapy] INFO: Enabled extensions: LogStats, TelnetConsole, CloseSpider, WebService, CoreStats, SpiderState
2015-04-09 09:27:52+0800 [scrapy] INFO: Enabled downloader middlewares: HttpAuthMiddleware, DownloadTimeoutMiddleware, UserAgentMiddleware, RetryMiddleware, HttpCompressionMiddleware, DefaultHeadersMiddleware, MetaRefreshMiddleware, RedirectMiddleware, ChunkedTransferMiddleware, DownloaderStats
2015-04-09 09:27:52+0800 [scrapy] INFO: Enabled spider middlewares: HttpErrorMiddleware, OffsiteMiddleware, RefererMiddleware, UrlLengthMiddleware, DepthMiddleware
2015-04-09 09:27:52+0800 [scrapy] INFO: Enabled item pipelines: HotelPipeline
2015-04-09 09:27:52+0800 [ctrip_city] INFO: Spider opened
2015-04-09 09:27:52+0800 [ctrip_city] INFO: Crawled 0 pages (at 0 pages/min), scraped 0 items (at 0 items/min)
2015-04-09 09:28:52+0800 [ctrip_city] INFO: Crawled 0 pages (at 0 pages/min), scraped 0 items (at 0 items/min)
2015-04-09 09:29:52+0800 [ctrip_city] INFO: Crawled 0 pages (at 0 pages/min), scraped 0 items (at 0 items/min)
2015-04-09 09:30:52+0800 [ctrip_city] INFO: Crawled 0 pages (at 0 pages/min), scraped 0 items (at 0 items/min)
2015-04-09 09:31:52+0800 [ctrip_city] INFO: Crawled 0 pages (at 0 pages/min), scraped 0 items (at 0 items/min)
2015-04-09 09:32:52+0800 [ctrip_city] INFO: Crawled 0 pages (at 0 pages/min), scraped 0 items (at 0 items/min)
2015-04-09 09:33:52+0800 [ctrip_city] INFO: Crawled 0 pages (at 0 pages/min), scraped 0 items (at 0 items/min)
2015-04-09 09:34:13+0800 [ctrip_city] ERROR: Error downloading <GET http://hotels.ctrip.com/citylist>: TCP connection timed out: 110: Connection timed out.
2015-04-09 09:34:13+0800 [ctrip_city] INFO: Closing spider (finished)
2015-04-09 09:34:13+0800 [ctrip_city] INFO: Dumping Scrapy stats:
	{'downloader/exception_count': 3,
	 'downloader/exception_type_count/twisted.internet.error.TCPTimedOutError': 3,
	 'downloader/request_bytes': 1191,
	 'downloader/request_count': 3,
	 'downloader/request_method_count/GET': 3,
	 'finish_reason': 'finished',
	 'finish_time': datetime.datetime(2015, 4, 9, 1, 34, 13, 965363),
	 'log_count/ERROR': 1,
	 'scheduler/dequeued': 3,
	 'scheduler/dequeued/memory': 3,
	 'scheduler/enqueued': 3,
	 'scheduler/enqueued/memory': 3,
	 'start_time': datetime.datetime(2015, 4, 9, 1, 27, 52, 268430)}
2015-04-09 09:34:13+0800 [ctrip_city] INFO: Spider closed (finished)
2015-04-09 09:34:14+0800 [scrapy] INFO: Scrapy 0.24.4 started (bot: hotel)
2015-04-09 09:34:14+0800 [scrapy] INFO: Optional features available: ssl, http11, django
2015-04-09 09:34:14+0800 [scrapy] INFO: Overridden settings: {'NEWSPIDER_MODULE': 'hotel.spiders', 'LOG_LEVEL': 'ERROR', 'SPIDER_MODULES': ['hotel.spiders'], 'BOT_NAME': 'hotel', 'COOKIES_ENABLED': False, 'USER_AGENT': 'Mozilla/5.0 (Macintosh; Intel Mac OS X 10_9_0) AppleWebKit/537.36 (KHTML, like Gecko) Chrome/31.0.1650.57 Safari/537.36', 'LOG_FILE': 'logs/error/2015-04-09.09.log', 'DOWNLOAD_DELAY': 2}
2015-04-09 09:34:14+0800 [scrapy] INFO: Enabled extensions: LogStats, TelnetConsole, CloseSpider, WebService, CoreStats, SpiderState
2015-04-09 09:34:14+0800 [scrapy] INFO: Enabled downloader middlewares: HttpAuthMiddleware, DownloadTimeoutMiddleware, UserAgentMiddleware, RetryMiddleware, HttpCompressionMiddleware, DefaultHeadersMiddleware, MetaRefreshMiddleware, RedirectMiddleware, ChunkedTransferMiddleware, DownloaderStats
2015-04-09 09:34:14+0800 [scrapy] INFO: Enabled spider middlewares: HttpErrorMiddleware, OffsiteMiddleware, RefererMiddleware, UrlLengthMiddleware, DepthMiddleware
2015-04-09 09:34:14+0800 [scrapy] INFO: Enabled item pipelines: HotelPipeline
2015-04-09 09:34:14+0800 [ctrip_hotel] INFO: Spider opened
2015-04-09 09:34:14+0800 [ctrip_hotel] INFO: Crawled 0 pages (at 0 pages/min), scraped 0 items (at 0 items/min)
2015-04-09 09:34:26+0800 [scrapy] INFO: 1068731,玉树太阳湖假日酒店,玉树,http://hotels.ctrip.com/hotel/1068731.html
2015-04-09 09:34:28+0800 [scrapy] INFO: 1108097,玉树康囊寺福家宾馆,玉树,http://hotels.ctrip.com/hotel/1108097.html
2015-04-09 09:34:31+0800 [scrapy] INFO: 1095677,玉树康巴驿站,玉树,http://hotels.ctrip.com/hotel/1095677.html
2015-04-09 09:34:33+0800 [scrapy] INFO: 1102022,玉树金龙宾馆,玉树,http://hotels.ctrip.com/hotel/1102022.html
2015-04-09 09:34:35+0800 [scrapy] INFO: 1056382,玉树玉府商务宾馆,玉树,http://hotels.ctrip.com/hotel/1056382.html
2015-04-09 09:34:38+0800 [scrapy] INFO: 1095209,玉树德西宾馆,玉树,http://hotels.ctrip.com/hotel/1095209.html
2015-04-09 09:34:41+0800 [scrapy] INFO: 1101736,玉树卡囊寺宾馆,玉树,http://hotels.ctrip.com/hotel/1101736.html
2015-04-09 09:34:43+0800 [scrapy] INFO: 1110299,玉树雅西亚结代吉楞招待所,玉树,http://hotels.ctrip.com/hotel/1110299.html
2015-04-09 09:34:46+0800 [scrapy] INFO: 1101714,玉树索南严培宾馆,玉树,http://hotels.ctrip.com/hotel/1101714.html
2015-04-09 09:34:48+0800 [scrapy] INFO: 1106755,玉树路人客栈,玉树,http://hotels.ctrip.com/hotel/1106755.html
2015-04-09 09:34:51+0800 [scrapy] INFO: 1095616,玉树启明星宾馆,玉树,http://hotels.ctrip.com/hotel/1095616.html
2015-04-09 09:34:57+0800 [scrapy] INFO: 1101746,玉树青藏商务宾馆,玉树,http://hotels.ctrip.com/hotel/1101746.html
2015-04-09 09:35:03+0800 [scrapy] INFO: 1101827,玉树雪山宾馆,玉树,http://hotels.ctrip.com/hotel/1101827.html
2015-04-09 09:35:04+0800 [scrapy] INFO: 1220478,杂多县澜沧江商务宾馆,玉树,http://hotels.ctrip.com/hotel/1220478.html
2015-04-09 09:35:08+0800 [scrapy] INFO: 1095668,玉树结古松朵,玉树,http://hotels.ctrip.com/hotel/1095668.html
2015-04-09 09:35:09+0800 [scrapy] INFO: 1070554,玉树美如家假日宾馆,玉树,http://hotels.ctrip.com/hotel/1070554.html
2015-04-09 09:35:11+0800 [scrapy] INFO: 1093259,玉树金泰商务宾馆,玉树,http://hotels.ctrip.com/hotel/1093259.html
2015-04-09 09:35:14+0800 [ctrip_hotel] INFO: Crawled 22 pages (at 22 pages/min), scraped 17 items (at 17 items/min)
2015-04-09 09:35:14+0800 [scrapy] INFO: 1095238,玉树康巴映象酒店,玉树,http://hotels.ctrip.com/hotel/1095238.html
2015-04-09 09:35:16+0800 [scrapy] INFO: 1102335,玉树夏都商务宾馆,玉树,http://hotels.ctrip.com/hotel/1102335.html
2015-04-09 09:35:19+0800 [scrapy] INFO: 1101747,玉树天神宾馆,玉树,http://hotels.ctrip.com/hotel/1101747.html
2015-04-09 09:35:26+0800 [scrapy] INFO: 1101978,玉树琼龙商务宾馆,玉树,http://hotels.ctrip.com/hotel/1101978.html
2015-04-09 09:35:28+0800 [scrapy] INFO: 1110393,玉树玉州商务宾馆,玉树,http://hotels.ctrip.com/hotel/1110393.html
2015-04-09 09:35:39+0800 [scrapy] INFO: 1110371,玉树美玉宾馆,玉树,http://hotels.ctrip.com/hotel/1110371.html
2015-04-09 09:35:40+0800 [scrapy] INFO: 1101829,玉树结古寺商务宾馆,玉树,http://hotels.ctrip.com/hotel/1101829.html
2015-04-09 09:35:40+0800 [scrapy] INFO: 1106364,玉树益典商务宾馆,玉树,http://hotels.ctrip.com/hotel/1106364.html
2015-04-09 09:35:43+0800 [scrapy] INFO: 1101966,玉树结古多大酒店,玉树,http://hotels.ctrip.com/hotel/1101966.html
2015-04-09 09:35:46+0800 [scrapy] INFO: 1101764,玉树鲁西宾馆,玉树,http://hotels.ctrip.com/hotel/1101764.html
2015-04-09 09:35:48+0800 [scrapy] INFO: 1101727,玉树玉龙宾馆,玉树,http://hotels.ctrip.com/hotel/1101727.html
2015-04-09 09:35:51+0800 [scrapy] INFO: 1094369,玉树西藏佳杰寺大酒店,玉树,http://hotels.ctrip.com/hotel/1094369.html
2015-04-09 09:35:53+0800 [scrapy] INFO: 1094356,玉树康德宾馆,玉树,http://hotels.ctrip.com/hotel/1094356.html
2015-04-09 09:35:58+0800 [scrapy] INFO: 1109682,玉树新家园宾馆,玉树,http://hotels.ctrip.com/hotel/1109682.html
2015-04-09 09:36:02+0800 [scrapy] INFO: 1101958,玉树兄弟宾馆,玉树,http://hotels.ctrip.com/hotel/1101958.html
2015-04-09 09:36:08+0800 [scrapy] INFO: 1101918,玉树玉泰商务宾馆,玉树,http://hotels.ctrip.com/hotel/1101918.html
2015-04-09 09:36:11+0800 [scrapy] INFO: 1095039,玉树华延宾馆,玉树,http://hotels.ctrip.com/hotel/1095039.html
2015-04-09 09:36:13+0800 [scrapy] INFO: 1114940,玉树亚周招待所,玉树,http://hotels.ctrip.com/hotel/1114940.html
2015-04-09 09:36:14+0800 [ctrip_hotel] INFO: Crawled 40 pages (at 18 pages/min), scraped 35 items (at 18 items/min)
2015-04-09 09:36:17+0800 [scrapy] INFO: 1101956,玉树阳光宾馆,玉树,http://hotels.ctrip.com/hotel/1101956.html
2015-04-09 09:36:21+0800 [scrapy] INFO: 1101820,玉树康巴旅社,玉树,http://hotels.ctrip.com/hotel/1101820.html
2015-04-09 09:36:24+0800 [scrapy] INFO: 1113277,玉树供销宾馆,玉树,http://hotels.ctrip.com/hotel/1113277.html
2015-04-09 09:36:26+0800 [scrapy] INFO: 1106356,玉树青藏大酒店,玉树,http://hotels.ctrip.com/hotel/1106356.html
2015-04-09 09:36:28+0800 [scrapy] INFO: 1095217,玉树旦周宾馆,玉树,http://hotels.ctrip.com/hotel/1095217.html
2015-04-09 09:36:31+0800 [scrapy] INFO: 1095260,玉树利众宾馆,玉树,http://hotels.ctrip.com/hotel/1095260.html
2015-04-09 09:36:34+0800 [scrapy] INFO: 965770,玉树格萨尔王府饭店,玉树,http://hotels.ctrip.com/hotel/965770.html
2015-04-09 09:36:39+0800 [scrapy] INFO: 1108017,玉树拉布寺宾馆,玉树,http://hotels.ctrip.com/hotel/1108017.html
2015-04-09 09:36:42+0800 [scrapy] INFO: 1101773,玉树海东商务宾馆,玉树,http://hotels.ctrip.com/hotel/1101773.html
2015-04-09 09:36:47+0800 [scrapy] INFO: 1102129,玉树太阳部落宾馆,玉树,http://hotels.ctrip.com/hotel/1102129.html
2015-04-09 09:36:50+0800 [scrapy] INFO: 1095628,玉树甘孜宾馆（曲格西巷店）,玉树,http://hotels.ctrip.com/hotel/1095628.html
2015-04-09 09:36:51+0800 [scrapy] INFO: 1109674,玉树长江宾馆,玉树,http://hotels.ctrip.com/hotel/1109674.html
2015-04-09 09:36:54+0800 [ctrip_hotel] INFO: Closing spider (finished)
2015-04-09 09:36:54+0800 [ctrip_hotel] INFO: Dumping Scrapy stats:
	{'downloader/request_bytes': 29469,
	 'downloader/request_count': 64,
	 'downloader/request_method_count/GET': 64,
	 'downloader/response_bytes': 2204895,
	 'downloader/response_count': 64,
	 'downloader/response_status_count/200': 52,
	 'downloader/response_status_count/301': 6,
	 'downloader/response_status_count/307': 6,
	 'dupefilter/filtered': 6,
	 'finish_reason': 'finished',
	 'finish_time': datetime.datetime(2015, 4, 9, 1, 36, 54, 576423),
	 'item_scraped_count': 47,
	 'request_depth_max': 3,
	 'response_received_count': 52,
	 'scheduler/dequeued': 64,
	 'scheduler/dequeued/memory': 64,
	 'scheduler/enqueued': 64,
	 'scheduler/enqueued/memory': 64,
	 'start_time': datetime.datetime(2015, 4, 9, 1, 34, 14, 522622)}
2015-04-09 09:36:54+0800 [ctrip_hotel] INFO: Spider closed (finished)
